<?xml version="1.0" encoding="UTF-8"?>
<testng-results ignored="0" total="6" passed="6" failed="0" skipped="0">
  <reporter-output>
  </reporter-output>
  <suite started-at="2024-10-14T18:33:30 IST" name="Suite" finished-at="2024-10-14T18:33:35 IST" duration-ms="5347">
    <groups>
      <group name="cucumber">
        <method signature="AbstractTestNGCucumberTests.runScenario(io.cucumber.testng.PickleWrapper,io.cucumber.testng.FeatureWrapper)[pri:0, instance:week4.day2.runner.IncidentTestRunner2@4d1c005e]" name="runScenario" class="io.cucumber.testng.AbstractTestNGCucumberTests"/>
        <method signature="AbstractTestNGCucumberTests.runScenario(io.cucumber.testng.PickleWrapper,io.cucumber.testng.FeatureWrapper)[pri:0, instance:week4.day2.runner.IncidentTestRunner3@8462f31]" name="runScenario" class="io.cucumber.testng.AbstractTestNGCucumberTests"/>
        <method signature="AbstractTestNGCucumberTests.runScenario(io.cucumber.testng.PickleWrapper,io.cucumber.testng.FeatureWrapper)[pri:0, instance:week4.day2.runner.IncidentTestRunner@183ec003]" name="runScenario" class="io.cucumber.testng.AbstractTestNGCucumberTests"/>
      </group> <!-- cucumber -->
    </groups>
    <test started-at="2024-10-14T18:33:30 IST" name="RunningMultipleFeatureFile" finished-at="2024-10-14T18:33:35 IST" duration-ms="5347">
      <class name="week4.day2.runner.IncidentTestRunner3">
        <test-method is-config="true" signature="setUpClass(org.testng.ITestContext)[pri:0, instance:week4.day2.runner.IncidentTestRunner3@8462f31]" started-at="2024-10-14T18:33:30 IST" name="setUpClass" finished-at="2024-10-14T18:33:31 IST" duration-ms="735" status="PASS">
          <params>
            <param index="0">
              <value>
                <![CDATA[org.testng.TestRunner@295cf707]]>
              </value>
            </param>
          </params>
          <reporter-output>
          </reporter-output>
        </test-method> <!-- setUpClass -->
        <test-method signature="runScenario(io.cucumber.testng.PickleWrapper,io.cucumber.testng.FeatureWrapper)[pri:0, instance:week4.day2.runner.IncidentTestRunner3@8462f31]" started-at="2024-10-14T18:33:31 IST" name="runScenario" description="Runs Cucumber Scenarios" data-provider="scenarios" finished-at="2024-10-14T18:33:35 IST" duration-ms="4504" status="PASS">
          <params>
            <param index="0">
              <value>
                <![CDATA["Validate the Incident record with payload"]]>
              </value>
            </param>
            <param index="1">
              <value>
                <![CDATA["Create a New Incident record"]]>
              </value>
            </param>
          </params>
          <reporter-output>
          </reporter-output>
        </test-method> <!-- runScenario -->
        <test-method signature="runScenario(io.cucumber.testng.PickleWrapper,io.cucumber.testng.FeatureWrapper)[pri:0, instance:week4.day2.runner.IncidentTestRunner3@8462f31]" started-at="2024-10-14T18:33:31 IST" name="runScenario" description="Runs Cucumber Scenarios" data-provider="scenarios" finished-at="2024-10-14T18:33:35 IST" duration-ms="4538" status="PASS">
          <params>
            <param index="0">
              <value>
                <![CDATA["Create a new Incident without payload"]]>
              </value>
            </param>
            <param index="1">
              <value>
                <![CDATA["Create a New Incident record"]]>
              </value>
            </param>
          </params>
          <reporter-output>
          </reporter-output>
        </test-method> <!-- runScenario -->
        <test-method is-config="true" signature="tearDownClass()[pri:0, instance:week4.day2.runner.IncidentTestRunner3@8462f31]" started-at="2024-10-14T18:33:35 IST" name="tearDownClass" finished-at="2024-10-14T18:33:35 IST" duration-ms="12" status="PASS">
          <reporter-output>
          </reporter-output>
        </test-method> <!-- tearDownClass -->
      </class> <!-- week4.day2.runner.IncidentTestRunner3 -->
      <class name="week4.day2.runner.IncidentTestRunner2">
        <test-method is-config="true" signature="setUpClass(org.testng.ITestContext)[pri:0, instance:week4.day2.runner.IncidentTestRunner2@4d1c005e]" started-at="2024-10-14T18:33:30 IST" name="setUpClass" finished-at="2024-10-14T18:33:31 IST" duration-ms="734" status="PASS">
          <params>
            <param index="0">
              <value>
                <![CDATA[org.testng.TestRunner@295cf707]]>
              </value>
            </param>
          </params>
          <reporter-output>
          </reporter-output>
        </test-method> <!-- setUpClass -->
        <test-method signature="runScenario(io.cucumber.testng.PickleWrapper,io.cucumber.testng.FeatureWrapper)[pri:0, instance:week4.day2.runner.IncidentTestRunner2@4d1c005e]" started-at="2024-10-14T18:33:31 IST" name="runScenario" description="Runs Cucumber Scenarios" data-provider="scenarios" finished-at="2024-10-14T18:33:35 IST" duration-ms="4448" status="PASS">
          <params>
            <param index="0">
              <value>
                <![CDATA["Create a new Incident without payload"]]>
              </value>
            </param>
            <param index="1">
              <value>
                <![CDATA["Create a New Incident record"]]>
              </value>
            </param>
          </params>
          <reporter-output>
          </reporter-output>
        </test-method> <!-- runScenario -->
        <test-method signature="runScenario(io.cucumber.testng.PickleWrapper,io.cucumber.testng.FeatureWrapper)[pri:0, instance:week4.day2.runner.IncidentTestRunner2@4d1c005e]" started-at="2024-10-14T18:33:31 IST" name="runScenario" description="Runs Cucumber Scenarios" data-provider="scenarios" finished-at="2024-10-14T18:33:35 IST" duration-ms="4480" status="PASS">
          <params>
            <param index="0">
              <value>
                <![CDATA["Validate the Incident record with payload"]]>
              </value>
            </param>
            <param index="1">
              <value>
                <![CDATA["Create a New Incident record"]]>
              </value>
            </param>
          </params>
          <reporter-output>
          </reporter-output>
        </test-method> <!-- runScenario -->
        <test-method is-config="true" signature="tearDownClass()[pri:0, instance:week4.day2.runner.IncidentTestRunner2@4d1c005e]" started-at="2024-10-14T18:33:35 IST" name="tearDownClass" finished-at="2024-10-14T18:33:35 IST" duration-ms="61" status="PASS">
          <reporter-output>
          </reporter-output>
        </test-method> <!-- tearDownClass -->
      </class> <!-- week4.day2.runner.IncidentTestRunner2 -->
      <class name="week4.day2.runner.IncidentTestRunner">
        <test-method is-config="true" signature="setUpClass(org.testng.ITestContext)[pri:0, instance:week4.day2.runner.IncidentTestRunner@183ec003]" started-at="2024-10-14T18:33:30 IST" name="setUpClass" finished-at="2024-10-14T18:33:31 IST" duration-ms="738" status="PASS">
          <params>
            <param index="0">
              <value>
                <![CDATA[org.testng.TestRunner@295cf707]]>
              </value>
            </param>
          </params>
          <reporter-output>
          </reporter-output>
        </test-method> <!-- setUpClass -->
        <test-method signature="runScenario(io.cucumber.testng.PickleWrapper,io.cucumber.testng.FeatureWrapper)[pri:0, instance:week4.day2.runner.IncidentTestRunner@183ec003]" started-at="2024-10-14T18:33:31 IST" name="runScenario" description="Runs Cucumber Scenarios" data-provider="scenarios" finished-at="2024-10-14T18:33:35 IST" duration-ms="4486" status="PASS">
          <params>
            <param index="0">
              <value>
                <![CDATA["Validate the Incident record with payload"]]>
              </value>
            </param>
            <param index="1">
              <value>
                <![CDATA["Create a New Incident record"]]>
              </value>
            </param>
          </params>
          <reporter-output>
          </reporter-output>
        </test-method> <!-- runScenario -->
        <test-method signature="runScenario(io.cucumber.testng.PickleWrapper,io.cucumber.testng.FeatureWrapper)[pri:0, instance:week4.day2.runner.IncidentTestRunner@183ec003]" started-at="2024-10-14T18:33:31 IST" name="runScenario" description="Runs Cucumber Scenarios" data-provider="scenarios" finished-at="2024-10-14T18:33:35 IST" duration-ms="4422" status="PASS">
          <params>
            <param index="0">
              <value>
                <![CDATA["Create a new Incident without payload"]]>
              </value>
            </param>
            <param index="1">
              <value>
                <![CDATA["Create a New Incident record"]]>
              </value>
            </param>
          </params>
          <reporter-output>
          </reporter-output>
        </test-method> <!-- runScenario -->
        <test-method is-config="true" signature="tearDownClass()[pri:0, instance:week4.day2.runner.IncidentTestRunner@183ec003]" started-at="2024-10-14T18:33:35 IST" name="tearDownClass" finished-at="2024-10-14T18:33:35 IST" duration-ms="27" status="PASS">
          <reporter-output>
          </reporter-output>
        </test-method> <!-- tearDownClass -->
      </class> <!-- week4.day2.runner.IncidentTestRunner -->
    </test> <!-- RunningMultipleFeatureFile -->
  </suite> <!-- Suite -->
</testng-results>
